nohup: ignoring input
/home/yipei/Twitter/FeatureExtraction/code/combine/LRTrainData.py 25843787
25843787 positive: 1, negative: 14319
1 14319

real	13m42.743s
user	10m46.564s
sys	0m28.058s
/home/yipei/Twitter/FeatureExtraction/code/combine/LRTrainData.py 25957130
25957130 positive: 24, negative: 14296
24 14296

real	52m59.286s
user	42m4.678s
sys	1m20.453s
/home/yipei/Twitter/FeatureExtraction/code/combine/LRTrainData.py 25993
25993 positive: 5, negative: 14315
5 14315

real	19m30.723s
user	18m1.580s
sys	0m29.482s
/home/yipei/Twitter/FeatureExtraction/code/combine/LRTrainData.py 262326533
no retweets  262326533

real	0m0.042s
user	0m0.028s
sys	0m0.012s
/home/yipei/Twitter/FeatureExtraction/code/combine/LRTrainData.py 262838126
no retweets  262838126

real	0m0.040s
user	0m0.032s
sys	0m0.004s
/home/yipei/Twitter/FeatureExtraction/code/combine/LRTrainData.py 262922606
262922606 positive: 7, negative: 14313
7 14313

real	3m4.721s
user	2m54.291s
sys	0m2.424s
/home/yipei/Twitter/FeatureExtraction/code/combine/LRTrainData.py 263292498
no retweets  263292498

real	0m0.045s
user	0m0.036s
sys	0m0.000s
/home/yipei/Twitter/FeatureExtraction/code/combine/LRTrainData.py 264315278
no retweets  264315278

real	0m0.041s
user	0m0.032s
sys	0m0.008s
/home/yipei/Twitter/FeatureExtraction/code/combine/LRTrainData.py 26487169
26487169 positive: 16, negative: 14304
16 14304

real	2m59.254s
user	2m46.690s
sys	0m4.944s
/home/yipei/Twitter/FeatureExtraction/code/combine/LRTrainData.py 26533227
no retweets  26533227

real	0m0.032s
user	0m0.016s
sys	0m0.012s
/home/yipei/Twitter/FeatureExtraction/code/combine/LRTrainData.py 265
no retweets  265

real	0m0.048s
user	0m0.032s
sys	0m0.004s
/home/yipei/Twitter/FeatureExtraction/code/combine/LRTrainData.py 266043601
266043601 positive: 14, negative: 14306
14 14306

real	3m44.283s
user	3m29.177s
sys	0m4.020s
/home/yipei/Twitter/FeatureExtraction/code/combine/LRTrainData.py 2660661
no retweets  2660661

real	0m0.091s
user	0m0.028s
sys	0m0.012s
/home/yipei/Twitter/FeatureExtraction/code/combine/LRTrainData.py 266084180
266084180 positive: 65, negative: 14255
65 14255

real	14m0.335s
user	12m44.884s
sys	0m32.198s
/home/yipei/Twitter/FeatureExtraction/code/combine/LRTrainData.py 266224320
266224320 positive: 2, negative: 14318
2 14318

real	693m13.551s
user	510m7.717s
sys	166m3.815s
/home/yipei/Twitter/FeatureExtraction/code/combine/LRTrainData.py 268276148
268276148 positive: 41, negative: 14279
41 14279

real	27m16.012s
user	24m46.533s
sys	2m27.541s
/home/yipei/Twitter/FeatureExtraction/code/combine/LRTrainData.py 26853548
26853548 positive: 6, negative: 14314
6 14314

real	6m7.480s
user	5m51.582s
sys	0m15.469s
/home/yipei/Twitter/FeatureExtraction/code/combine/LRTrainData.py 27029537
no retweets  27029537

real	0m0.027s
user	0m0.024s
sys	0m0.000s
/home/yipei/Twitter/FeatureExtraction/code/combine/LRTrainData.py 270352691
