nohup: ignoring input
/home/yipei/Twitter/FeatureExtraction/code/combine/LRTrainData.py 5402612
no retweets  5402612

real	0m0.054s
user	0m0.020s
sys	0m0.020s
/home/yipei/Twitter/FeatureExtraction/code/combine/LRTrainData.py 542886134
542886134 positive: 8, negative: 14312
8 14312

real	32m23.572s
user	27m59.093s
sys	1m6.328s
/home/yipei/Twitter/FeatureExtraction/code/combine/LRTrainData.py 5469512
5469512 positive: 7, negative: 14313
7 14313

real	290m57.246s
user	228m47.994s
sys	56m36.516s
/home/yipei/Twitter/FeatureExtraction/code/combine/LRTrainData.py 5478542
5478542 positive: 1, negative: 14319
1 14319

real	1m23.362s
user	1m20.501s
sys	0m1.448s
/home/yipei/Twitter/FeatureExtraction/code/combine/LRTrainData.py 54795290
no retweets  54795290

real	0m0.035s
user	0m0.032s
sys	0m0.000s
/home/yipei/Twitter/FeatureExtraction/code/combine/LRTrainData.py 54900089
54900089 positive: 19, negative: 14301
19 14301

real	3m6.181s
user	2m58.551s
sys	0m4.736s
/home/yipei/Twitter/FeatureExtraction/code/combine/LRTrainData.py 55352474
no retweets  55352474

real	0m0.054s
user	0m0.028s
sys	0m0.012s
/home/yipei/Twitter/FeatureExtraction/code/combine/LRTrainData.py 55355654
no retweets  55355654

real	0m0.047s
user	0m0.032s
sys	0m0.012s
/home/yipei/Twitter/FeatureExtraction/code/combine/LRTrainData.py 55396121
55396121 positive: 155, negative: 14165
155 14165

real	25m18.984s
user	22m49.546s
sys	2m26.773s
/home/yipei/Twitter/FeatureExtraction/code/combine/LRTrainData.py 55630037
55630037 positive: 41, negative: 14279
41 14279

real	1m55.744s
user	1m53.991s
sys	0m1.620s
/home/yipei/Twitter/FeatureExtraction/code/combine/LRTrainData.py 5569522
5569522 positive: 9, negative: 14311
9 14311

real	1m16.293s
user	1m15.185s
sys	0m1.016s
/home/yipei/Twitter/FeatureExtraction/code/combine/LRTrainData.py 55963
55963 positive: 4, negative: 14316
4 14316

real	20m58.114s
user	20m1.279s
sys	0m55.375s
/home/yipei/Twitter/FeatureExtraction/code/combine/LRTrainData.py 55984911
no retweets  55984911

real	0m0.042s
user	0m0.032s
sys	0m0.008s
/home/yipei/Twitter/FeatureExtraction/code/combine/LRTrainData.py 563200400
563200400 positive: 14, negative: 14306
14 14306

real	6m45.962s
user	6m26.348s
sys	0m19.133s
/home/yipei/Twitter/FeatureExtraction/code/combine/LRTrainData.py 56413858
56413858 positive: 104, negative: 14216
104 14216

real	1m31.936s
user	1m28.198s
sys	0m3.616s
/home/yipei/Twitter/FeatureExtraction/code/combine/LRTrainData.py 5658692
5658692 positive: 1, negative: 14319
1 14319

real	8m29.152s
user	8m0.674s
sys	0m27.898s
/home/yipei/Twitter/FeatureExtraction/code/combine/LRTrainData.py 5688732
no retweets  5688732

real	0m0.040s
user	0m0.028s
sys	0m0.008s
/home/yipei/Twitter/FeatureExtraction/code/combine/LRTrainData.py 5750612
5750612 positive: 6, negative: 14314
6 14314

real	26m51.620s
user	25m47.929s
sys	1m1.880s
/home/yipei/Twitter/FeatureExtraction/code/combine/LRTrainData.py 57507026
57507026 positive: 2, negative: 14318
2 14318

real	20m25.358s
user	19m29.413s
sys	0m54.583s
/home/yipei/Twitter/FeatureExtraction/code/combine/LRTrainData.py 5751832
5751832 positive: 8, negative: 14312
8 14312

real	1m1.201s
user	1m0.124s
sys	0m1.000s
/home/yipei/Twitter/FeatureExtraction/code/combine/LRTrainData.py 5763262
5763262 positive: 1, negative: 14319
1 14319

real	0m4.218s
user	0m3.568s
sys	0m0.620s
/home/yipei/Twitter/FeatureExtraction/code/combine/LRTrainData.py 57729132
no retweets  57729132

real	0m0.031s
user	0m0.016s
sys	0m0.012s
/home/yipei/Twitter/FeatureExtraction/code/combine/LRTrainData.py 57851967
57851967 positive: 40, negative: 14280
40 14280

real	1m16.805s
user	1m15.497s
sys	0m1.216s
/home/yipei/Twitter/FeatureExtraction/code/combine/LRTrainData.py 58063
58063 positive: 5, negative: 14315
5 14315

real	20m59.187s
user	20m1.367s
sys	0m56.416s
/home/yipei/Twitter/FeatureExtraction/code/combine/LRTrainData.py 58120509
58120509 positive: 8, negative: 14312
8 14312

real	2m24.081s
user	2m19.261s
sys	0m4.656s
/home/yipei/Twitter/FeatureExtraction/code/combine/LRTrainData.py 5827
5827 positive: 4, negative: 14316
4 14316

real	4m53.912s
user	4m45.042s
sys	0m8.533s
/home/yipei/Twitter/FeatureExtraction/code/combine/LRTrainData.py 58379000
58379000 positive: 3, negative: 14317
3 14317

real	0m56.048s
user	0m53.619s
sys	0m2.344s
/home/yipei/Twitter/FeatureExtraction/code/combine/LRTrainData.py 5868362
5868362 positive: 20, negative: 14300
20 14300

real	1m11.900s
user	1m10.840s
sys	0m0.968s
/home/yipei/Twitter/FeatureExtraction/code/combine/LRTrainData.py 5877292
5877292 positive: 17, negative: 14303
17 14303

real	30m48.234s
user	28m8.946s
sys	2m37.226s
/home/yipei/Twitter/FeatureExtraction/code/combine/LRTrainData.py 5878842
no retweets  5878842

real	0m0.041s
user	0m0.028s
sys	0m0.012s
/home/yipei/Twitter/FeatureExtraction/code/combine/LRTrainData.py 5905672
5905672 positive: 11, negative: 14309
11 14309

real	0m9.224s
user	0m8.453s
sys	0m0.720s
/home/yipei/Twitter/FeatureExtraction/code/combine/LRTrainData.py 59727190
59727190 positive: 3, negative: 14317
3 14317

real	31m19.020s
user	28m41.020s
sys	2m35.886s
/home/yipei/Twitter/FeatureExtraction/code/combine/LRTrainData.py 6001592
6001592 positive: 17, negative: 14303
17 14303

real	0m55.116s
user	0m53.931s
sys	0m1.112s
/home/yipei/Twitter/FeatureExtraction/code/combine/LRTrainData.py 60033
60033 positive: 35, negative: 14285
35 14285

real	1m27.493s
user	1m26.117s
sys	0m1.196s
/home/yipei/Twitter/FeatureExtraction/code/combine/LRTrainData.py 6008962
6008962 positive: 12, negative: 14308
12 14308

real	5m24.211s
user	5m14.944s
sys	0m8.889s
/home/yipei/Twitter/FeatureExtraction/code/combine/LRTrainData.py 60273
60273 positive: 29, negative: 14291
29 14291

real	0m23.101s
user	0m22.293s
sys	0m0.740s
/home/yipei/Twitter/FeatureExtraction/code/combine/LRTrainData.py 60463
60463 positive: 4, negative: 14316
4 14316

real	1m14.638s
user	1m13.809s
sys	0m0.748s
/home/yipei/Twitter/FeatureExtraction/code/combine/LRTrainData.py 6068612
6068612 positive: 3, negative: 14317
3 14317

real	0m52.760s
user	0m50.859s
sys	0m1.832s
/home/yipei/Twitter/FeatureExtraction/code/combine/LRTrainData.py 61133
61133 positive: 50, negative: 14270
50 14270

real	0m5.149s
user	0m4.588s
sys	0m0.532s
/home/yipei/Twitter/FeatureExtraction/code/combine/LRTrainData.py 61220477
no retweets  61220477

real	0m0.041s
user	0m0.028s
sys	0m0.012s
/home/yipei/Twitter/FeatureExtraction/code/combine/LRTrainData.py 61367153
61367153 positive: 15, negative: 14305
15 14305

real	31m51.856s
user	29m6.313s
sys	2m42.198s
/home/yipei/Twitter/FeatureExtraction/code/combine/LRTrainData.py 615813
615813 positive: 10, negative: 14310
10 14310

real	6m28.688s
user	6m17.692s
sys	0m10.041s
/home/yipei/Twitter/FeatureExtraction/code/combine/LRTrainData.py 621583
no retweets  621583

real	0m0.028s
user	0m0.020s
sys	0m0.004s
/home/yipei/Twitter/FeatureExtraction/code/combine/LRTrainData.py 62581962
no retweets  62581962

real	0m0.028s
user	0m0.008s
sys	0m0.016s
/home/yipei/Twitter/FeatureExtraction/code/combine/LRTrainData.py 62905050
no retweets  62905050

real	0m0.048s
user	0m0.032s
sys	0m0.008s
/home/yipei/Twitter/FeatureExtraction/code/combine/LRTrainData.py 6321322
6321322 positive: 6, negative: 14314
6 14314

real	6m1.983s
user	5m58.222s
sys	0m2.720s
/home/yipei/Twitter/FeatureExtraction/code/combine/LRTrainData.py 6370862
6370862 positive: 4, negative: 14316
4 14316

real	0m57.206s
user	0m55.779s
sys	0m1.252s
/home/yipei/Twitter/FeatureExtraction/code/combine/LRTrainData.py 637373
637373 positive: 3, negative: 14317
3 14317

real	25m52.402s
user	24m34.632s
sys	1m12.005s
/home/yipei/Twitter/FeatureExtraction/code/combine/LRTrainData.py 639013
639013 positive: 7, negative: 14313
7 14313

real	1m1.768s
user	1m0.704s
sys	0m0.984s
/home/yipei/Twitter/FeatureExtraction/code/combine/LRTrainData.py 6392872
