no retweets  5387302
no retweets  5388222
no retweets  6515452
no retweets  18210266
no retweets  55984911
no retweets  165964253
no retweets  312105296
no retweets  418979615
no retweets  471990460
1471
253546973192413185 11 False
418830081906454528 9 True
210615798685896705 8 True
440322224407314432 7 False
428157771108724736 6 True
263059727607533568 5 True
340477636327391233 5 True
408640557510959104 5 True
382936222425169920 5 True
103264111256801280 5 True
440500970229739520 4 True
35425617226899456 4 True
408654203931090945 4 True
404017867454021632 4 True
195594460560756738 4 True
253680452240547840 4 False
246328946772307969 4 True
447888976134025216 4 True
296307587320791041 4 True
121338960860561408 4 True
226047796732637184 4 True
395209435871600640 4 True
264473164497690624 3 True
422878614447587329 3 True
341272431031377920 3 True
276012997653196800 3 True
278633693717876736 3 True
386895237177962496 3 True
370578393877987328 3 True
357972667485265920 3 True
322025929503293440 3 True
264569119528079360 3 True
232348380431544320 3 False
386312768803966977 3 True
159748205125443584 3 True
394458085450072064 3 True
91898845964931074 3 True
260735303529140225 3 True
319845582791397379 3 True
37022516107018240 3 True
324193831828459520 3 True
344510202399309824 3 True
182310895895060481 3 True
313690666880339968 3 True
393116643426988032 3 True
337660581819584512 3 True
394537847027691521 3 True
73881320606007296 3 True
225670261255581696 3 True
366952004649627648 3 True
70636595480502272 3 True
70520128118325248 3 True
332999398458015745 3 True
413712518570188800 3 True
269618285572681728 3 True
292044167914336257 3 True
159659007806672897 3 True
167747409701642241 3 True
185780685611606016 3 True
436625128555032576 3 True
405431747887644673 2 True
404024552310595584 2 True
263772148861132802 2 True
128597845757534208 2 True
360232031453589505 2 False
259317196780617728 2 True
266069774159712258 2 True
266895294854230017 2 True
447222446115274753 2 True
433361377831288832 2 True
17088191970418688 2 True
296713464519471104 2 True
266034116967927809 2 True
286961499468095488 2 True
324276310820134912 2 True
436264454788247552 2 True
72746148485545985 2 True
451120919365169152 2 True
400016621919416320 2 True
258393302552961024 2 False
298252453063831552 2 True
317413100838064128 2 True
131538793793732609 2 True
422553308340170752 2 True
306219366419140608 2 True
154684703570530304 2 True
194559795209043968 2 True
373114915675836417 2 True
147734671013318656 2 True
102755388444778497 2 True
84460505397334016 2 True
223147461378719744 2 True
210577771813023744 2 True
398439509295390720 2 True
421035199661895680 2 True
289083197961150464 2 True
413721717622583296 2 True
369520739277209600 2 True
104243598572261376 2 True
345195978875351040 2 True
251491281539309568 2 True
222860309830967296 2 False
398510330306785280 2 True
289974235143741440 2 True
329011383964426240 2 True
159784073743708161 2 True
264509338968797184 2 True
124874561505329154 2 True
434352911540162560 2 True
152150001269751808 2 True
392376951035678720 2 True
124559316882690049 2 True
393503105616064513 2 True
264557952768303105 2 True
301441632740450304 2 True
218444050376826882 2 True
396445013166391296 2 True
398943427552739328 2 True
438335322725052417 2 True
76757493434429440 2 True
210590811010777088 2 True
169865833227620352 2 True
128488978700697600 2 True
35395860871258112 2 True
440933624280784896 2 True
296389496583372800 2 True
306186578458460160 2 True
344154975221469185 2 True
208630291311493120 2 True
333962213238927360 2 True
407764756318011392 2 True
423210863793696768 2 True
177909513855311873 2 True
298247221244198912 2 True
218444063458852864 2 True
45899211128053760 2 True
317649501374513153 2 True
104674287851540481 2 True
149264875879804929 2 True
387345472144171008 2 True
390993770906263553 2 True
428609680831561728 2 True
157345128460197888 2 True
370368042049339392 2 False
412987992626561025 2 False
316216942266548226 2 True
445624852980850688 2 True
207595628786749441 2 True
390147059719741441 2 False
370596866070544385 2 True
96371218902548481 2 True
263688390623494146 2 True
263089991842942976 2 True
155729557767454720 2 True
387332482720219136 2 True
265196888817537024 2 True
22467266742325248 2 True
197938077203832832 2 True
322406908155817985 2 True
385495520187146240 2 False
373106441852583936 2 True
420644492316651520 2 True
425744387943845888 2 False
203639035112079360 2 True
414599053112918016 2 True
297129654081429504 2 True
26052635752665088 2 True
205288977715044352 2 True
327802536436330496 2 True
393280678478897153 2 True
428588929546452992 2 True
113409963069673472 2 True
261590810733195264 2 True
161621662939357184 2 True
378256297336250368 2 True
383341721263693824 2 True
228633266876448769 2 True
357972896477478913 2 True
279069108757221378 2 True
435536554514071552 2 True
395702551196090368 2 False
302117218018291713 2 True
349983416441257986 2 True
424632853884698624 2 False
350311705831673857 2 True
388405598217187328 2 True
185784754694656000 2 True
436187748475490304 2 False
452084775319527424 2 True
294175353591697408 2 True
167368830681747457 2 True
441277954237030400 2 True
86831456822886400 2 True
15199986304163840 2 True
136884399496114177 2 True
431118539949215744 2 True
190976588182069248 2 True
343865591192502272 2 True
405942724164988928 2 True
274191927656738816 2 True
410804430364094465 2 True
292390781342330880 2 True
99958206373179393 2 True
413712487280693249 2 True
318061140099883009 2 True
127153315984318464 2 True
114859940950192128 2 True
430806406178955264 2 True
210592312936497152 2 True
313096732684730368 2 True
322039926210297856 2 True
152898143615332353 2 True
375403907016826880 2 True
37199953067655168 2 True
444499822071275520 2 True
260039406671515648 2 True
124913680222658560 2 True
198108199113605121 2 True
394706326082699264 2 True
182298628109516801 2 True
344297005616611328 2 False
185169027902087168 2 False
369493633721851905 2 True
298249594591137794 2 False
96957394264915970 2 True
422129925634916352 1 True
309662024512724994 1 True
168900794832273411 1 True
430124957691936772 1 False
314009969416626181 1 True
24942991990849536 1 True
453340997737775106 1 True
127078406885081089 1 True
187921348037836803 1 False
161553863474814977 1 True
274654883129483264 1 True
332187642047373316 1 True
38826804844167168 1 True
258312174974402560 1 True
210583099455705089 1 True
394973130617520129 1 True
312943524343607302 1 True
418533652214317056 1 False
380722628274556928 1 True
156601714118631424 1 True
438820797256179712 1 False
294549667268685824 1 True
426542234113024000 1 True
269077606459138049 1 False
331778266581053440 1 True
180349439288942592 1 True
343080431085813760 1 True
391133766288035840 1 False
380860744579158016 1 True
365273259505238016 1 True
139545109212561408 1 True
285222313375432704 1 False
322807014826840064 1 True
387356019019747329 1 True
442430874278428672 1 True
134663908630867968 1 True
93029666218184704 1 False
162663184208109569 1 True
355691353499369473 1 True
222334626218258434 1 True
161550592119029760 1 True
157887702207959040 1 True
160404216702177280 1 True
56177251301081089 1 True
368061870487257088 1 True
420977865874632704 1 False
4633413524922368 1 True
273126945242353666 1 True
241369032354324480 1 True
389880301192638465 1 True
157603057855758336 1 True
350297064095223809 1 True
5088896249503745 1 True
195850784259313664 1 True
215145535848448001 1 True
162997096847384577 1 True
372890372244267008 1 True
440343162519691264 1 False
434109202769125378 1 False
291573028578533376 1 True
196029982299004928 1 True
6506002652340227 1 True
431062538185617408 1 True
396536168063320064 1 False
421677514805628928 1 True
393006633431085056 1 True
375683771187486720 1 True
231437455843262464 1 True
266040424924319745 1 True
439123993665482753 1 True
18645295530 1 False
409158490012135424 1 True
171696859524501504 1 False
401688238790045696 1 True
258376850789777408 1 True
107158779908468737 1 True
147862903939268610 1 True
114384659319767040 1 True
108219504785502208 1 False
246402542706233344 1 False
244968407756328960 1 True
390889119674404865 1 True
448873339264974848 1 True
379642684321038336 1 True
106498686191796224 1 True
214828197903208449 1 True
444196428504526848 1 True
343054103729020930 1 False
225732697643945984 1 True
327174017582772226 1 True
395225252688445440 1 True
434443324326678528 1 True
392479427889610752 1 True
81430432096329728 1 True
200968282545721344 1 True
402625458803867648 1 False
418239917718642688 1 True
198460346091044866 1 True
235176670707990529 1 True
344151857834377216 1 True
396059493718831104 1 True
19842630249 1 False
410544485764841472 1 True
228241713343369216 1 True
344187253955907584 1 False
450688906238119936 1 True
263089369248825345 1 True
437018825792290816 1 True
445202660803637249 1 True
444610428526526464 1 False
31526105475190784 1 False
430805446971379713 1 False
262903975928545280 1 True
435811953974317056 1 True
61098010704232448 1 True
190938519018012673 1 True
316596457111166976 1 True
430906181667028992 1 False
345784415412187137 1 True
319163439639572480 1 True
216003426809692161 1 True
216717552972333057 1 True
265141269909630976 1 True
339416879301013504 1 False
249646140545449984 1 False
267513040696659969 1 True
430885119436800000 1 True
339232695869640705 1 True
310269806895058944 1 True
436598152230363136 1 True
103174958494121984 1 True
430918446830714881 1 True
377088471757619200 1 True
436514048163581952 1 True
443884038093172736 1 True
194796548314501120 1 True
388657150140350464 1 True
5355280049115137 1 True
350434595734433793 1 True
138754311588032512 1 False
37950733508808704 1 True
363360339594723328 1 True
263080042538610689 1 False
308281803842670592 1 True
365853783126839298 1 True
232926660645773312 1 True
332209073934180352 1 True
72949164559958016 1 True
299962625121480704 1 True
99236362917646337 1 True
452877925868924929 1 False
210852949918883840 1 True
272186146321231872 1 True
443523966389325824 1 True
444699318793302016 1 True
430143643995738113 1 False
368470206836142080 1 True
434496077325430786 1 False
220534913634541568 1 False
115268265277800449 1 True
218897039226974208 1 True
444348945851232256 1 True
396759910781698048 1 True
141919684814581761 1 True
435464090782564352 1 True
336872491240783873 1 True
103300037618040832 1 True
448830876852715521 1 True
186607238192955392 1 True
448347538303643648 1 False
316941517853954048 1 True
410612204447080449 1 True
144804626607255554 1 True
430136004738318338 1 False
188026176923639808 1 True
310558932882042881 1 True
410063600221716480 1 True
442326239089397762 1 True
411887428199542785 1 True
274622720623394817 1 True
308477967699415040 1 True
413410679505567745 1 True
233280777159327744 1 True
265955741083521024 1 True
265442356667506689 1 True
436267824957640704 1 True
343921986625499137 1 True
162569316892540928 1 True
124190239148347393 1 True
436713444239478784 1 True
296740165928513536 1 True
132179701685952512 1 True
1674186665762816 1 False
177431997860421632 1 True
182233454635786240 1 True
412799302327894016 1 True
74569924391088128 1 True
231769406194200576 1 True
130044566106685440 1 True
408378227296845824 1 True
237636045192179712 1 False
417649667287965696 1 True
52859999063515136 1 True
35740210381725696 1 True
298191783509254144 1 True
260565011058028544 1 True
342672176832458752 1 True
429810967292416001 1 False
261563613427421185 1 True
348140890742726656 1 True
445746236038348800 1 True
345274652186271745 1 True
265989043672723456 1 True
43506492057452544 1 True
422382675069255681 1 False
99594530084499456 1 True
235712157914910720 1 False
79310511589687296 1 True
421677385595887616 1 True
405063282945318912 1 False
183471989921550336 1 True
86987702465069056 1 False
259041525881794560 1 True
266003690639462401 1 True
429330050521899008 1 True
266002308796674048 1 True
81773761715638272 1 True
179454202823712768 1 True
352192259418103809 1 False
165206577870155777 1 True
140445301851963392 1 True
311841744583008257 1 True
205816436940214272 1 True
317417162874699777 1 True
249297532038041601 1 True
321844184380211201 1 True
104234276874223618 1 True
257917665916641281 1 True
287240062591172609 1 True
312979822831865857 1 True
312364000119758848 1 True
322774184696639488 1 True
154988756577959936 1 True
177444313259708416 1 True
298258016879386625 1 True
103102812648513537 1 True
438014477406339072 1 True
438681969334161408 1 False
413444930233585664 1 True
59987615977451521 1 True
330945078078078976 1 True
448028391950655488 1 False
252212091895820288 1 True
287299820761268224 1 False
195271209930326018 1 True
74476427734560768 1 True
351862093957431297 1 False
333980742558289921 1 False
441292766585565184 1 True
146797897898409985 1 False
430551329862610944 1 True
423827245128765440 1 True
168122609555349504 1 True
328205172570460160 1 True
440693911267606528 1 True
114520746679738370 1 True
180385101723611136 1 True
185744505302036480 1 True
342353346012790784 1 True
365481625666076672 1 True
352457308112027649 1 True
288652414876278784 1 True
244160598122840064 1 True
210020640806285315 1 True
451338146119426048 1 False
370626610078052352 1 True
262957443393396736 1 True
269368627231330304 1 True
204952488955224065 1 True
392799151278526464 1 True
73882005372280832 1 True
423584792412979200 1 True
294616091987169280 1 True
311817383553667072 1 True
258396172018921474 1 True
136106691279331331 1 True
199575811949477888 1 True
282172217452810240 1 True
339429510653018113 1 True
329885253986574336 1 True
440556491930480640 1 True
257914440597532672 1 True
359783388778995712 1 True
310629044859318273 1 True
322514667043950592 1 True
274217717744140288 1 True
347852719354155008 1 True
451501235691331585 1 True
411496830367961088 1 True
331799358209150976 1 True
231232651242119168 1 True
390243119188672512 1 True
157186996018745344 1 True
240121897386385409 1 False
181865172850323456 1 True
215570128002236417 1 True
439088499052908544 1 False
265625515975651328 1 True
430874065666985984 1 True
300367592336547841 1 True
400995971888209920 1 True
145166164497149952 1 True
436261881687576577 1 True
115510926475661312 1 True
274647110912188417 1 False
424301928949223424 1 True
392685793501650944 1 True
162372393774485504 1 True
429006359737024514 1 True
423550444669923328 1 True
438710276540866562 1 True
355215039508131840 1 True
239495715636785152 1 True
324943488728838144 1 False
254320387465293824 1 False
240919939706404864 1 True
210587470612545536 1 True
427180542283759616 1 False
269157310939680768 1 True
443061896652926976 1 False
398874075352686593 1 True
107478922983243777 1 True
317313204982255618 1 False
89444015929438208 1 True
243841561970999296 1 True
264162842511568896 1 True
174861428531007488 1 True
262958058416791552 1 True
189440062587543553 1 False
145273575891415041 1 True
315289111260962816 1 True
362249397305749505 1 True
353536980207943681 1 True
205811564517933056 1 True
389773798708219904 1 True
308401918319919104 1 True
243682628463644672 1 True
321983118800216065 1 True
27107588684390400 1 True
111559923736903681 1 True
307296873025265664 1 True
435639801337749505 1 True
211218033400741888 1 True
432932175584190464 1 True
16996922602557440 1 True
184731517992439808 1 True
365242967876837377 1 True
266028895067840512 1 True
405102750327119872 1 True
99618195173945344 1 True
177890482062503938 1 True
27461110105 1 True
339433737190260736 1 False
319563843900674048 1 True
396848896002904064 1 True
347354901145350145 1 False
280881120227229696 1 True
443102088927928320 1 True
419871734465310720 1 True
347769657035485184 1 True
297398315178397696 1 True
362326779739897857 1 True
134144268066496512 1 False
243770106696577024 1 True
441037287728496640 1 True
351828933794217984 1 False
248110033752162304 1 True
438342076703330304 1 False
261476507795480577 1 True
161613515562549249 1 False
416957378131529728 1 False
423122280030298112 1 True
256608309505835008 1 True
426790271183880192 1 True
144914351164358656 1 True
352456908197728257 1 True
403964550250131456 1 True
245631945571176448 1 True
111232917627351040 1 True
306463837283037186 1 True
428586292793053184 1 True
158940913459142656 1 True
327392729225117698 1 True
229008235250724864 1 True
269215820440293378 1 True
355333665057816576 1 True
311217073026125824 1 True
290605141218971648 1 True
429454796030894081 1 False
214809976827428865 1 True
210570587679096832 1 True
317404484923973632 1 False
360183301098573825 1 True
103256275579715584 1 True
139103995347210240 1 True
154781495368761344 1 True
311340270304247810 1 True
218438252301008896 1 True
342383576412729344 1 True
436271502476853248 1 True
81761222239858689 1 True
86934037683380224 1 True
225680236182896640 1 True
182162544121757696 1 True
232328264968970241 1 False
157485741981696000 1 False
398171726984798208 1 False
227968641856049152 1 True
228311245227433985 1 True
197705558193745922 1 True
434754203798736896 1 True
178133189615828993 1 True
413501979323670528 1 True
139107084137541633 1 True
445928283608457216 1 True
437580958120685568 1 True
128986119118405632 1 True
133618425678401536 1 True
114520733689987072 1 True
101408730737950720 1 True
443425041795928064 1 False
429455245563805696 1 False
142379988207939584 1 True
443392340154413057 1 True
316057520940675072 1 True
129335270750425088 1 True
96389413071888385 1 True
266397685530112000 1 True
341986129781858304 1 True
229015012025446401 1 True
357897867228233728 1 False
96012807023243264 1 True
266660667849850882 1 True
393440049007570944 1 True
393777362254704640 1 True
296664921280753664 1 True
112291282105270272 1 True
186985365377261568 1 True
436803648619053056 1 True
332169159058259969 1 True
401014817701388288 1 True
332910655969587201 1 False
335490589476921344 1 True
133525395319422976 1 False
343177174834106368 1 True
336896182171365376 1 True
397899815217934336 1 True
335440877294063616 1 False
296670536350703617 1 True
409837714033229824 1 True
111826390747316224 1 True
253258535960457217 1 True
210598479813279744 1 True
322029929749426176 1 True
435155929873788928 1 True
167355769161912321 1 True
306693319092748288 1 True
83358248601780224 1 False
83721060335353856 1 True
263145735086809088 1 True
268453910992257025 1 True
220527197990031362 1 False
439956818949718016 1 False
266063710102102017 1 True
387663307483537408 1 True
452338932328308736 1 True
393878599692214272 1 True
402176335810134016 1 True
73828569142407168 1 True
376055058577625088 1 False
341986502085058561 1 True
390257303645327360 1 True
124497733917745152 1 True
421346414850228225 1 True
339001320793055232 1 True
88359387634216961 1 True
189815673315266560 1 False
405695159356366848 1 True
430138799117438976 1 False
231194236056387585 1 False
447046272630140928 1 False
349790896100884480 1 True
311205869427752961 1 False
446794052944416768 1 False
195585952327008257 1 True
10046344479 1 False
356872018400002048 1 True
172024301325783041 1 True
247002756387336192 1 True
431844964134178816 1 True
165593470172532736 1 True
263091729907990528 1 True
91648375207895040 1 True
57551249154912256 1 True
389875225359167488 1 True
451369617748148224 1 True
280798837692563456 1 True
438846802976972800 1 True
352503025815916546 1 True
329079776943955968 1 True
409150919893217281 1 True
115041794596667392 1 True
273536014092496896 1 True
314747449426210816 1 True
445408926868066304 1 True
240185913513218048 1 True
400170225070379008 1 True
266028416594223105 1 True
172073473496186881 1 True
396428418817863680 1 True
296667636694142976 1 True
264131158097416193 1 True
307612554417537026 1 True
369949032279330816 1 True
226020885738446849 1 True
391720390000533504 1 True
453747831530979329 1 True
445748823206678528 1 True
231028452751470592 1 True
412707152143212544 1 True
77581871785062400 1 True
390127322067509249 1 True
69921739508940800 1 True
232976104527368193 1 True
316582029728808960 1 True
201818860737925120 1 True
245496551311552512 1 True
134649307516252162 1 True
363316389299232768 1 True
159770251813339136 1 True
2861935389319168 1 True
385774176218259456 1 True
312049298525286400 1 True
184349616836329472 1 False
372074015118336000 1 True
213366340470321152 1 True
344147186499604482 1 True
210821728144867329 1 True
172472464226533376 1 True
78988291034202112 1 True
260570935080411137 1 True
349247289992282114 1 True
298506265049563137 1 False
83710412209655808 1 True
304632172269162496 1 True
273261907379642368 1 True
334773412880850944 1 False
444147248591433728 1 False
425329594053300225 1 True
361871921215840258 1 False
429345176742424576 1 True
441595964655423488 1 True
282354055441944576 1 True
375022721169506305 1 False
440321966332211200 1 True
155294444520873984 1 True
124153677333278720 1 True
322695132606500864 1 True
82932748548976640 1 True
249368433429463040 1 True
57130519959322624 1 True
127482355563757568 1 True
431148237584879616 1 True
292049837115965440 1 True
452207663745859584 1 True
139002504368230400 1 True
327265253798846465 1 False
107227418145734656 1 True
165293739252781056 1 True
4773820493733888 1 True
163033924723941376 1 True
134050151873527808 1 True
187272281762963456 1 False
423308459132846080 1 True
51427327258804224 1 True
364830880646184960 1 True
266011089051996161 1 True
123820063022264321 1 True
440319979657781249 1 True
400101392141938689 1 True
283967941752545281 1 True
48299549021831168 1 True
138766430001836035 1 True
154634834159996928 1 True
310507192207958016 1 True
257920167361777664 1 True
291397224011800576 1 True
133684868486934529 1 True
438851202097233922 1 True
198463151719723010 1 True
246626490207313920 1 True
449585912649756672 1 False
306572065476067328 1 True
309799635315208194 1 True
139004340932317188 1 True
131786841442615296 1 True
89347120833888256 1 False
428585302655918080 1 True
437719435940360192 1 False
53844124872347648 1 True
292111168217161729 1 True
237286713867771904 1 False
186979749317455873 1 False
274184090205446145 1 False
304358399099936768 1 False
243429784414203904 1 True
386223102356504577 1 True
358344994790178819 1 True
164896736878395395 1 True
209757479750483968 1 True
263840570429034497 1 True
116962132595179520 1 True
265000976396734464 1 True
293128473663377408 1 True
261686037049384960 1 True
202622289789976576 1 True
171983146571661312 1 True
202171813495705601 1 True
210742466335350784 1 True
110383102471319552 1 False
257939258277519362 1 True
153441977013248000 1 False
148971227850096640 1 True
124166916133756928 1 True
360510087950897156 1 True
286192868622749696 1 True
67957566935801856 1 True
431403657058594816 1 True
341978027154079745 1 True
341995476293390337 1 True
347462417233612801 1 True
370195171129835520 1 True
135027810925420545 1 True
413525552679903232 1 True
369999682812252160 1 True
92989350907879426 1 True
434108103789793281 1 False
186995635604566017 1 True
428938722865061888 1 True
420740021767778304 1 True
210376352719839235 1 True
262935278568751104 1 True
298250658186928132 1 False
306281052232634368 1 True
420624457229545472 1 True
433071262886162432 1 True
168428073274966017 1 True
103854555585974274 1 True
142759479224696832 1 True
128654425605677057 1 False
167688157104582657 1 True
314928699432660992 1 True
30823535467302912 1 True
347691400344768512 1 True
239466461222019072 1 True
136484486597718018 1 True
162662198685085697 1 True
402851900896600065 1 True
427576872717660160 1 True
288836236804763651 1 True
354770403815747584 1 False
129926022354317312 1 True
286497434396409856 1 True
317299856936943616 1 True
223837597347217408 1 True
141229440163266560 1 True
448644930609500160 1 True
408654114151596033 1 False
454035000481284096 1 True
380381158095060992 1 True
174719020317163521 1 True
428616336655147008 1 True
338824268165025792 1 False
248248351131303936 1 False
329619419082924033 1 True
338123509920309248 1 True
377909221347848192 1 True
204985418981195778 1 True
133321276839305216 1 True
263739336669937666 1 True
362776462299901952 1 True
281183704104202240 1 True
144941708709343232 1 True
267014718869356547 1 False
375705906904051712 1 True
154709500262236160 1 True
453698845512179712 1 False
241318868172296192 1 False
155333216486690818 1 True
409112354882740224 1 True
74209654644805633 1 True
329681333540507649 1 True
305079162434113536 1 True
314916747352371200 1 True
265862647088562176 1 True
393417806714114048 1 True
166606481871994880 1 True
411283605772857344 1 True
395977329329311744 1 True
392825159368724482 1 True
273521137168822273 1 True
377161827764805632 1 True
270264609196359680 1 True
430793325445005312 1 False
351890063271002112 1 True
426797914875510784 1 True
264478994169229312 1 True
140110914631372800 1 False
325011553470533632 1 True
343542382274437120 1 True
122036742235750401 1 False
341960055152840706 1 False
116718552307863552 1 False
281852348949749760 1 True
440900887557308416 1 True
56560848994439168 1 True
334003495986421761 1 True
411211901763219456 1 True
375454279915421696 1 False
388026522847547392 1 True
221620941451567105 1 True
175725640178339841 1 True
397494330476490752 1 True
22326629959208961 1 True
263851261248561152 1 True
327431670506610690 1 True
33586366235287552 1 True
210602703510970368 1 True
233988562071203841 1 True
174921924013588481 1 True
302226623514685440 1 True
398477578136461312 1 False
93411446368632834 1 True
138727438787153920 1 True
138636529496113153 1 True
256929361385639938 1 True
341691561127604226 1 True
428971695735455744 1 True
298074263909441537 1 True
199374239667732480 1 True
199940552228212736 1 False
339176205695733760 1 True
254063505089654784 1 False
405852842625208320 1 True
378669063159173120 1 True
448162884171083776 1 True
330009773242212352 1 True
295363750012260353 1 False
131068069438160896 1 True
322793555397603329 1 True
165472982142156800 1 False
169578465991991296 1 True
101147272561168385 1 True
373473629050531840 1 True
309672217690664962 1 True
352629546564075522 1 True
237542298085371904 1 True
310628610157457408 1 True
137270922527784960 1 True
236639404305838080 1 True
81446055950032896 1 False
432910046754664452 1 True
114773755749875712 1 True
325411040198283264 1 True
434132147394183169 1 True
381626192841166848 1 True
247774053891465216 1 True
441966194141450240 1 True
254061941063053312 1 False
262933118107910144 1 True
279361750720192512 1 True
174876427299196929 1 True
344597905233027072 1 False
104654047310647296 1 True
448186474417385472 1 True
271355153498660864 1 True
75419212797054976 1 True
160121525184368642 1 True
14861907030 1 False
74207198317780992 1 True
231165183526072320 1 True
139782365600956416 1 False
425091838585094144 1 True
253682278079791104 1 True
301559453747118081 1 True
428987693104508928 1 True
431109430143246336 1 True
389128776350982144 1 True
306457897838211073 1 True
245317716024623104 1 True
374970670913818625 1 True
395699543242969088 1 True
333936673652084736 1 True
225973735243513856 1 True
169203707051909120 1 True
427091701396545536 1 True
179606720060993537 1 True
131786309130924032 1 False
263135216405712896 1 True
444160393175658498 1 True
45353439110250496 1 True
446666731629461504 1 True
299648575162429441 1 True
146290440784723968 1 True
334013377053609984 1 True
218444633510903809 1 True
264784671844491264 1 True
37972435382829056 1 True
418848734512816128 1 True
322776861862133760 1 True
380494438155292673 1 True
382616009431343104 1 True
237732522316922880 1 True
20201345327833088 1 False
406249094320226304 1 True
422469848942120960 1 True
192263778870628352 1 True
206880004628422657 1 True
393750819281334272 1 True
438504135647039489 1 True
94539721396596736 1 True
394631967486251008 1 True
248505542685892608 1 True
81903213938356225 1 True
420360838466117632 1 True
269479380013686784 1 True
202781373793189888 1 True
142241898705338368 1 True
169076950202200064 1 True
430121667109847040 1 False
258341395570511872 1 True
425122534015524865 1 True
116185858670993408 1 True
310777363032047617 1 True
337632333303783424 1 True
144107849205809152 1 True
417163175210278912 1 True
322037868933554176 1 True
308620335790583808 1 True
141300463537635328 1 True
29590454420905985 1 True
111558409517666304 1 True
193050260434722816 1 True
14749196686991361 1 True
324162740094640128 1 True
280802898995200000 1 False
180004042162970624 1 True
359913545388933121 1 True
412002952174645248 1 False
408728451005169664 1 True
281111891722518528 1 True
444552891575984129 1 False
263431887614271488 1 True
32168117266284544 1 True
335524045137276928 1 False
119096042603020288 1 True
156366689422938113 1 True
210433452544237568 1 False
262938205966442496 1 False
210595068128661504 1 True
385575130295836673 1 True
432940396290011136 1 True
193430360753840129 1 True
384694228770914304 1 True
266020507491635200 1 True
405728042170851328 1 True
109040302307815425 1 True
334378233250332674 1 True
414245391522365440 1 True
316244126263816192 1 True
58977865089302528 1 True
180425093497892865 1 True
342455655057211393 1 False
314021125283790848 1 False
298251334275198976 1 False
258385395589451776 1 False
403737707379032066 1 True
222173442659713025 1 True
390857878996656128 1 False
101389948258746368 1 True
446660450651234304 1 True
360096874402811904 1 True
114768581115387904 1 True
18115847490904064 1 True
118255708289507328 1 False
252779648461721601 1 True
182253242154106882 1 True
180815720379195394 1 True
410120249414287361 1 True
447912768646418432 1 True
245689373876695040 1 False
350831764824002560 1 False
426244928516009985 1 True
115814273871126529 1 True
158647331607150592 1 False
306545457017016321 1 True
253131251152736256 1 True
305897231922364416 1 True
364837920575717377 1 True
25714489103 1 False
352432195341787136 1 True
307139368907333632 1 True
306459481670303744 1 True
420189020887736320 1 True
439894829162831872 1 False
95151182791708672 1 True
229007439159259136 1 False
28499914317107200 1 True
185095785275330560 1 True
224539899771097088 1 True
116646637513867264 1 True
180329482383663105 1 True
124200864968744960 1 True
446138336479309824 1 True
266011162070622208 1 True
397857324561215489 1 False
434702038866599936 1 True
357975276724043777 1 True
283221814048595971 1 True
270559284998324224 1 False
176867624322465792 1 False
56311213260410880 1 False
385894959452147712 1 True
166991146474680320 1 True
89355582217256961 1 False
434148360761921536 1 True
210035083845967872 1 True
246669207180283905 1 True
430050385416290304 1 False
197432116353568769 1 True
55955986149683200 1 False
307254673377751040 1 True
111221137563848704 1 True
377861450217582592 1 True
63463874199953408 1 True
282275647726956544 1 True
271371728201060352 1 True
114089834842296320 1 True
303583178080272384 1 True
144516117510111232 1 True
450878323095511040 1 True
261098312147554304 1 True
368906305039130625 1 True
332963276071776257 1 True
263106538963599361 1 True
61395439504719872 1 True
263085423260221440 1 True
383637655474692096 1 False
328981761210085376 1 True
129919053656625152 1 True
265219193706782721 1 True
317086882829836288 1 True
144529409683111936 1 True
84374782476435456 1 True
306425272926883840 1 True
237695286749847553 1 True
327112622048673792 1 True
352087448894963713 1 True
256148394991579137 1 True
145214126237548544 1 True
330378407403745280 1 False
366715992941928449 1 True
408295390799069184 1 True
214903649141403649 1 True
392303667312730112 1 True
336152421334134784 1 True
297038685969465344 1 True
263395633522692096 1 True
148415754218389504 1 True
187237505425342464 1 True
39775737296715776 1 True
197148702878597120 1 True
447075903353286656 1 False
317429932047339520 1 False
265590705433485313 1 True
15431219517 1 False
341933228925534210 1 True
388439227383709696 1 True
293133660201299970 1 True
58362761591271424 1 True
131137014400692224 1 True
301772954201636864 1 True
119126829578715138 1 True
181539486423990272 1 True
264421311579836416 1 True
402474823630479360 1 True
436552963180744704 1 True
28911253906 1 False
412796466185269248 1 True
338172283749298177 1 True
193419998709026817 1 True
407608425145970688 1 False
251651734454300672 1 False
220384436213125120 1 True
341982702754467840 1 True
451154427223633920 1 True
169940124426186754 1 True
409445696409178112 1 True
422851755412422656 1 True
115220268900818944 1 True
377153038412034048 1 True
287373670668709891 1 True
185870034458001408 1 True
436216047088062464 1 True
233678588384272385 1 True
280058833047531520 1 False
203460319975178241 1 True
296630827352219648 1 True
66317742894088192 1 True
340452609481662464 1 True
410126192168415233 1 True
313802521086926848 1 True
430062245352341504 1 True
434001728183087104 1 True
194891539061800960 1 True
362708411235840000 1 True
264089650476486656 1 True
220532395798052865 1 False
91253142108381184 1 True
297039962258423808 1 True
440315797496287233 1 True
355591755195875328 1 False
45975756957941760 1 True
435620539827109888 1 True
297921907251109889 1 True
109041114677379073 1 True
293919558518071296 1 True
157857351674757120 1 True
170212076952895488 1 True
337956880972410880 1 False
61094229606273024 1 True
308360857421742080 1 True
454283924814831617 1 True
357265112580632578 1 True
395727577559883776 1 True
14818740180885504 1 True
403574668147171328 1 True
322385597832507393 1 True
438097927400333312 1 True
340619271363248129 1 True
363470854027345920 1 True
405020886358437888 1 True
324656978645372928 1 True
345580713967493120 1 True
342042412589404160 1 True
452176746331136001 1 False
28564527879 1 True
289812438633811968 1 True
426388363533635584 1 True
307682287036809216 1 True
436266463830081536 1 False
336671730737225730 1 True
346690711334318080 1 False
183374887442845696 1 True
23020886583943169 1 True
178154076108886016 1 True
400444681189732352 1 True
428980877486723072 1 True
134655564088229889 1 True
105076082780278784 1 True
198994007525818368 1 True
423875461601452032 1 True
356751917331922945 1 True
138724738838167552 1 True
443494207693795328 1 True
156221540495671296 1 False
119895074988507136 1 False
360840183417012226 1 True
260888500742803456 1 True
316206986687569921 1 True
265591141242662914 1 True
416255906071203840 1 True
265501963884572672 1 True
127040685382696960 1 True
311174617790287873 1 True
192713592573927426 1 False
258975655541215232 1 True
347474584888549377 1 True
307540205756362752 1 True
79670349985353728 1 True
207595185054556161 1 True
419894203259580416 1 True
198271286424776705 1 True
232351189826678785 1 False
344157894893248512 1 True
368433791674884096 1 True
311980168140963842 1 True
148812380762148864 1 True
232510753742143488 1 True
395695340999163904 1 True
239128847403077632 1 True
226048307343024129 1 True
309536895820500992 1 True
73393909006467073 1 True
427135032654692352 1 True
345247633520074752 1 True
131423316325044225 1 True
310994847035191296 1 True
410541963054956544 1 True
235063418330181632 1 True
102119681397231616 1 True
142019087227297792 1 True
32890639859326976 1 True
388442116541915136 1 True
345201826423009280 1 True
195595025713872899 1 True
312266178435358720 1 True
240961733601161217 1 False
273199230741532672 1 True
157293238586327041 1 True
274266544438124544 1 True
198452560087089152 1 True
296671582724702208 1 True
422569909973839872 1 True
197738774606778368 1 True
97382297979981824 1 False
189890792461049857 1 True
4396698990288896 1 True
449181670550552577 1 True
188342599722086400 1 True
382514097415139328 1 True
235842588027011073 1 False
172699497405759488 1 True
265860129520504833 1 True
149569759485235200 1 False
428619506512973824 1 True
228148254800478209 1 True
246695704184123393 1 True
282576270536089600 1 False
210740860827078657 1 True
425399060275945472 1 True
266015179802832896 1 False
311305775035338752 1 True
111583467090874368 1 True
433765202434072577 1 True
95170078714245120 1 True
234467291859931136 1 True
118772766974550016 1 True
265186491091791873 1 True
424761754565246976 1 True
281494341300649984 1 True
187622816919728128 1 True
311301485457723394 1 True
339814733052002304 1 True
316586622885974016 1 True
107105067194253313 1 True
389871011010600960 1 True
318758049919680512 1 True
88401523943538688 1 True
413703603908407296 1 True
213920872073932800 1 True
194817790773956608 1 True
383370970159149056 1 True
192610173796360192 1 True
425010076231798784 1 True
126366883204177920 1 True
232352290919567361 1 False
53683294079959040 1 True
184775792226615297 1 True
218011375266578432 1 True
197431351383822336 1 True
161515167694336000 1 True
262787673511567360 1 True
381599339891937280 1 True
347419235187818496 1 True
294196883872690176 1 False
237269916342943744 1 False
340591702643470336 1 True
138124487664218112 1 True
17734770242883584 1 True
274617907999281152 1 True
370199980666920961 1 True
422528927265857536 1 True
444487870934695936 1 True
304298961177550848 1 True
25456844381 1 False
330683285862760449 1 True
258246753252429826 1 True
436644259765043200 1 True
252951745855094784 1 True
373664425560899584 1 False
389921811023921153 1 True
109784146011885568 1 True
257507050228178944 1 True
408450930976501760 1 True
265826267729895425 1 True
318514972219031552 1 True
263021549022478336 1 True
101837989117825025 1 True
432952310717628417 1 True
368768864554717185 1 True
439136999724044288 1 True
107318309862637568 1 True
322728752897478656 1 False
453585586817740801 1 False
198182216407334914 1 True
438045323785961472 1 True
211207450907512832 1 True
251776184772345857 1 True
180736094436995072 1 True
68853962413056002 1 True
205362457877819393 1 True
438773681809276928 1 True
91179717515943936 1 True
129595024102002688 1 True
175826389730213888 1 True
173494494547804160 1 True
258388561294946304 1 True
188020027264471040 1 True
13487258078289920 1 True
104897593821241344 1 True
452445947902316545 1 True
254603860625203200 1 False
129352270050635776 1 True
178157285980385280 1 True
298594875971080192 1 True
323881561479073793 1 True
366935145233645570 1 True
347000003069349888 1 True
266064892832931840 1 True
230842078433787905 1 True
17698733437222912 1 True
103575490232729600 1 True
377978168700698624 1 True
329654657091768321 1 True
425843698228662272 1 True
349358608250703872 1 True
157966358020235265 1 True
387739477244145664 1 True
134799603756310528 1 True
266067315613908992 1 True
418886281632821249 1 True
81340603803250688 1 True
83623174838820864 1 True
353897630708940800 1 True
395755368036716545 1 True
