100525610 190 10
100581193 14 186
10073042 42 156
100938260 165 33
101064885 126 74
101081687 144 56
10117562 153 47
101805057 147 53
101875332 161 38
102608859 162 38
1029511 168 30
103011384 78 120
103202916 122 78
1035491 158 42
103598216 174 26
10367 190 10
103891164 151 48
104219622 74 126
104482152 99 101
10461262 93 106
104634243 193 6
1050111 135 65
10545772 164 36
10609 144 56
106614991 102 98
10669942 172 28
106838994 157 43
106853060 171 29
10694562 134 64
107076934 178 22
107128390 166 34
107240249 82 117
1075 150 50
107882881 198 2
10792712 167 33
10813822 175 25
108757480 156 44
108775893 162 38
1090141 124 75
109568333 163 37
110481357 185 15
110583240 136 62
110874872 193 7
111047033 148 50
111424758 193 7
111478759 34 158
11150432 128 71
111515806 123 76
11167502 171 29
11174882 157 43
11187542 122 78
111961058 161 39
112075585 152 46
11214332 105 94
112497901 159 41
11253982 79 118
113152697 160 40
11326272 180 20
11336 167 33
113471008 177 23
113573592 174 26
11435672 184 16
11440442 160 40
11461102 167 33
114908092 176 24
114947295 172 28
114971521 140 60
11533 129 71
115581791 95 105
115826544 111 87
11590642 191 9
115927837 185 15
116081221 141 58
11650722 147 53
11666332 163 37
11739102 149 51
117429053 148 52
117560369 111 86
118279350 169 31
11856762 112 87
118704347 162 38
11911082 168 32
11965442 121 78
119798626 169 31
119897041 133 65
120093083 151 49
120190821 85 114
12040102 122 78
120549660 142 56
120622471 86 114
120891733 173 27
121196671 163 36
122166610 110 88
122186614 182 18
12223 164 36
122491899 151 49
122582802 173 27
12294012 151 48
123045979 77 123
123060433 176 21
12436442 170 30
12442992 140 60
12470562 164 35
12478932 136 64
125348073 148 50
12534 182 18
125359195 167 33
125457338 157 43
125500164 123 76
125502730 62 138
125540746 108 92
12576702 124 75
12606852 131 69
126099878 161 39
126334355 182 17
126401277 104 95
126418609 146 54
1265091 130 70
126527969 153 46
126638340 177 22
126946623 151 49
127012541 173 27
12701412 191 9
12702322 113 87
127188630 186 14
12725 171 29
127629716 194 6
127684095 162 37
128260873 122 78
128292609 134 66
12831 149 50
128339609 176 24
12844862 163 35
128455261 125 72
12861412 158 42
128767072 106 93
128917873 135 62
128953435 157 43
12916 127 73
129232975 108 89
129650286 59 135
130667384 171 29
131061324 109 90
13108932 160 40
131107660 141 59
131170751 88 111
131296459 152 48
131940363 144 56
131948058 127 72
132543607 187 12
13313982 116 84
133206222 176 24
133489612 175 25
133583134 162 38
1338871 128 72
13446242 185 15
134627129 163 34
13473182 176 24
13479 114 86
134940306 101 97
134988521 156 44
135218281 171 29
1352501 171 29
135663008 120 80
136002468 120 77
136103696 137 63
13612732 170 30
136291102 171 28
13639582 128 72
136500621 140 53
136841649 186 14
137425803 125 75
138175799 163 36
138182816 154 46
13820672 119 81
138466831 171 29
13854472 166 34
138763943 119 80
139162440 136 64
140248957 126 74
14050235 158 42
14051156 119 81
14053425 152 48
14060667 119 79
140620887 146 54
14062140 92 107
14062808 111 89
14063949 189 11
14075195 173 27
14083627 134 66
14085473 9 189
14087951 168 32
14089309 160 40
14092380 146 53
14092963 148 52
14100451 159 41
14109485 96 104
14109797 156 44
14111650 177 23
14117412 157 43
141189901 107 15
14121456 82 118
14126174 176 24
14128974 141 59
14140936 153 47
14142965 101 98
14153020 78 122
14155052 172 28
14174128 135 64
141832160 173 27
14183255 187 13
14192532 131 69
142001754 92 107
142012761 83 116
14202579 161 38
142063335 127 73
14213416 169 31
14219218 151 46
14248784 177 23
14249767 178 22
14252943 143 57
14256927 182 18
142575652 132 66
14262321 83 117
14263368 125 75
14266637 141 59
14267733 137 63
14269220 175 25
14270396 170 30
14270527 85 114
14276654 95 105
142787961 155 44
14281905 142 58
142832518 174 26
14297139 149 51
14305673 119 81
14308222 158 42
14314315 155 45
14317747 145 55
14328066 88 111
14335143 146 54
14341577 132 68
14341655 105 92
14341663 138 60
14346779 63 136
143498650 186 14
14349954 102 97
14362575 161 39
143648029 26 1
14365883 154 46
14366295 141 59
14370145 170 30
14371333 182 18
14386518 107 93
14389031 190 10
14393872 177 23
144036968 148 51
14409428 109 86
14413133 186 14
14426487 129 71
144264887 154 46
14451892 172 28
14456948 163 36
14467421 110 90
14467688 149 51
14471778 155 45
144723379 74 126
14483262 192 8
14486007 78 117
14495893 174 26
14497313 71 129
14498968 153 46
14503124 148 52
14506500 96 104
145306362 163 36
14531269 156 44
14561327 167 33
14575107 155 45
145786060 159 40
14580768 120 80
14592523 115 83
14596823 168 31
14622694 68 131
14632831 143 57
14656109 109 90
14680797 122 78
14689667 153 47
14690944 184 16
146971893 126 74
14703882 151 49
147255219 134 66
14750762 136 61
14755300 183 17
14759966 137 63
14772687 157 43
14795731 160 40
14806608 126 74
148204565 95 105
14824477 117 82
14829912 192 8
148340537 77 121
14837184 123 77
148410600 184 16
148445222 166 34
14844734 151 49
14857437 122 78
14875623 72 121
14887650 132 67
149287763 100 100
14929280 168 32
14934739 158 42
14935647 139 59
14960658 124 74
149721099 158 40
14976016 173 27
14983499 151 49
14984003 146 49
14997835 168 32
15000340 159 41
15009761 147 53
15010721 114 86
1504011 198 2
150484436 186 14
150493507 140 28
15052002 195 5
15065065 162 38
150714217 103 96
150727423 189 11
150802319 108 91
15080503 170 30
15088253 83 116
15090928 122 78
15095331 161 39
15104219 192 8
15122553 187 12
15128731 110 84
151360659 150 50
15150826 94 105
15162136 124 76
151657217 116 84
15165865 111 89
15173147 119 27
15195576 135 65
152024044 174 25
15217406 147 53
15223645 181 19
15234679 177 23
15237935 125 75
152785073 48 152
153087224 170 30
153156412 146 53
15319120 136 64
15321133 152 48
15322256 79 121
153226312 67 129
15329577 161 39
15335123 180 20
15338794 192 8
153581660 131 69
15374755 168 32
15389376 142 57
15391752 138 59
15393162 79 121
15394673 132 68
15400885 182 17
15401530 140 55
15410096 187 13
15411797 170 30
154213648 127 72
15444008 159 41
15452689 114 86
15462317 146 54
15463446 171 29
15465602 133 67
15470236 174 26
15473958 178 22
15480438 173 27
15484063 146 54
15488811 169 31
15494342 146 54
15509573 185 15
15519274 124 76
15523835 156 44
15534317 107 93
15535081 188 12
155660525 169 31
15582699 153 47
155844378 108 92
155976326 124 76
15603220 152 47
156279258 151 49
156321694 100 99
15635812 146 54
15649594 165 35
15652377 140 60
156550354 154 46
15661911 188 12
15666545 158 42
156745991 194 6
156760198 144 56
15680204 157 43
15690382 109 91
15698478 115 84
15703367 138 62
15707258 123 77
157099880 178 22
15714436 173 27
157475200 151 49
15775214 137 63
15779091 129 71
15779622 126 74
15780876 141 57
158070493 157 43
158128894 133 67
158129463 94 106
15826432 103 97
158412741 184 16
15846407 172 28
15849055 166 33
158561160 140 60
15859039 193 7
15865172 121 79
15884617 187 13
15895115 126 73
15901190 143 57
15909010 164 36
15913 178 22
15937155 134 66
15947897 68 132
159764278 161 37
15989935 149 51
15990240 136 64
16021608 156 44
160237722 160 40
160263958 152 47
16028641 116 83
16029491 139 61
16033908 146 54
16048740 170 30
16060342 96 104
16062829 185 15
160637398 182 18
16072676 187 13
160742284 151 43
16076032 142 58
16079941 186 14
161035197 173 27
16105942 138 61
16128259 167 33
16135175 145 54
161461109 151 49
16190898 116 83
16207941 116 84
162246088 177 18
16235209 165 35
16246471 139 60
16247934 187 13
16249086 159 41
16267101 169 31
162700184 58 141
162870631 101 99
162973432 168 32
16303106 197 3
163257434 151 49
16334824 168 32
16350365 183 17
16358939 151 49
16362450 186 14
16396215 145 53
16400030 154 44
164218471 97 101
16428683 98 102
16458937 168 32
164686885 175 25
16475194 164 36
16476220 136 64
165031576 169 30
16507381 185 15
16520368 133 67
16531768 174 26
165372137 110 89
16553826 194 5
16560391 113 87
16560905 136 64
16562955 161 38
16563442 128 72
165710921 118 82
16571907 144 56
165832417 173 25
165908478 131 68
166006883 179 21
166214735 187 12
16621525 184 16
166301108 170 30
16639110 134 66
16660064 176 24
16679692 178 22
16689224 180 20
16700766 184 16
16741381 182 18
167623926 169 31
1678441 163 36
16785028 139 61
16800717 165 35
168051693 105 95
168101329 164 36
168152689 164 35
16828819 62 136
16831882 189 11
16854309 145 55
16857707 78 121
16867288 186 14
16871637 137 63
16889060 169 31
16893977 158 42
16900930 172 27
16901455 171 29
1692881 188 12
16941646 128 72
16984358 150 50
170028171 180 20
17030680 140 60
17033125 158 42
17040610 184 16
170460311 124 75
17047585 33 1
17051264 138 61
17055277 121 78
17064600 163 37
17068940 92 107
170802477 146 54
170885608 149 51
170948145 154 46
171108403 161 39
1712051 129 68
171222851 185 15
17135252 163 37
171649753 177 23
17177001 152 48
17199902 120 78
17199995 134 66
172101655 147 53
17224642 194 6
17227214 181 19
17243913 128 72
17248051 165 35
172845432 174 26
17324226 189 11
17329936 171 29
17346342 113 87
173468248 158 42
17350250 154 46
17358073 80 120
173732041 183 16
173890161 120 78
174108566 164 36
174305182 97 103
17449703 178 22
17462502 167 33
17469332 168 32
174768030 185 15
17493051 79 120
17505533 178 22
175869350 173 27
17590516 141 59
17596468 196 4
17600181 102 98
17602896 146 54
176165355 185 15
17654192 143 57
176703866 147 53
176707536 127 73
17684681 131 69
17733320 154 46
17747287 134 66
17769831 158 42
17782068 182 18
17787312 149 51
1779201 168 31
177968664 184 16
17803303 169 30
178157557 145 13
17821570 177 23
17851599 143 57
17877122 125 74
17879050 190 10
178805277 128 72
17883289 190 9
17886764 167 33
17912684 138 62
17917835 186 14
17939037 135 65
17941825 97 101
17944084 175 25
17955725 189 11
17976687 151 49
17977240 179 21
18009781 134 66
18033062 55 145
18101470 157 42
18101685 129 71
18114391 108 91
18151756 47 153
18152995 165 35
18177126 132 67
181790473 140 59
18182371 166 34
18184621 142 58
182370042 176 24
18246096 122 77
182933472 196 4
18297910 122 77
18302221 154 45
183229635 32 166
18324466 105 95
18332578 191 9
18359687 192 8
183657870 105 95
18369928 183 17
18374880 141 59
18382692 142 58
1838691 189 11
18417216 187 13
1841791 187 13
18430758 174 25
18433259 157 43
18439915 177 23
18444530 188 12
184589432 180 20
18462653 181 19
18464023 154 46
18491626 120 80
18541188 141 59
18548221 154 46
18569484 145 54
18583083 163 37
18610936 82 118
18627061 133 67
18632288 140 60
18647609 175 25
186501396 186 14
186745799 173 27
18697941 103 97
18715225 164 36
18716004 165 34
187240774 115 85
18733901 176 24
18742444 130 69
18744815 192 8
18755518 181 19
187744415 192 8
18778944 152 48
18787854 168 32
18801314 127 73
18802096 130 70
188040570 167 33
188102842 196 4
18825961 176 24
18848635 65 134
18849368 110 89
188524986 140 59
18869521 159 41
18883401 160 40
18892368 175 24
18895362 193 7
18911703 116 83
18918415 138 62
18930170 114 86
189310097 142 57
18948541 52 148
18949879 166 34
18951737 125 74
189814803 139 61
1899161 109 91
18995147 189 11
189952416 176 24
190143588 133 67
19019478 193 7
190343505 97 100
19052643 174 26
190572817 161 38
190693662 132 68
19073491 138 62
190830215 175 24
19083161 94 105
19092024 153 47
19102410 142 58
19104727 187 13
19120785 196 4
19144764 132 68
191548936 173 27
19164725 152 48
191896931 179 21
19191326 171 29
192298932 176 23
192318065 135 65
19238008 177 23
19251571 183 17
19253485 58 142
19254994 155 45
19266232 36 164
19288213 76 124
19329792 187 13
19357225 143 57
19358562 178 22
193907695 170 30
193936797 173 27
193998015 163 37
19414296 158 42
19415126 114 86
194347664 152 48
19443873 176 24
19468855 77 120
194885076 46 154
19499808 196 4
19507713 176 24
19543936 157 43
195475105 163 37
19553306 172 27
19555067 98 102
19560673 156 44
19607375 108 91
19624836 143 57
19630242 186 14
196413641 137 63
19658506 139 61
19672461 45 154
19701173 144 56
19725644 198 2
19739595 121 79
19750276 89 110
197504076 165 35
197592035 147 53
19772827 190 10
19778401 152 48
19785044 180 20
19785801 134 66
19792347 136 64
19807768 134 66
198224156 181 19
19836737 179 21
198724998 165 34
19876236 182 18
19886913 105 94
19894441 170 30
19920585 193 7
19946150 58 142
199846203 109 91
20012819 173 27
200163448 133 67
200599938 119 81
20060293 125 75
20068249 172 28
20099276 181 19
20108560 188 12
201170181 180 20
201241785 191 8
20161019 167 33
20167139 130 70
20187852 138 62
201920006 152 47
201945106 163 37
20197134 143 54
20218024 129 71
202195505 145 53
20263994 169 31
20287180 155 45
202876000 172 28
203623462 160 40
203828907 159 40
203873539 148 52
20392369 145 55
20397258 172 28
20407984 85 113
20466150 157 43
20480971 145 55
204817328 187 13
204832963 193 7
20512260 170 30
20519534 178 21
205207199 167 33
20524102 166 33
20543509 180 20
20548092 140 60
205848662 192 8
20627649 140 60
20631572 185 15
206402409 190 10
20659225 154 46
20682963 116 82
20687592 164 35
20703666 115 84
207287772 167 33
20747741 191 9
20779545 182 18
207936757 186 14
20793816 149 51
20798630 146 54
208062005 155 42
20814006 50 149
20818625 137 63
208280030 72 128
208697224 150 49
2087371 130 70
20889680 191 9
20909056 171 29
20950208 131 69
20958456 157 43
209662233 157 43
20978103 190 10
21021166 164 36
21055620 138 62
21057672 145 53
21076522 170 30
210836723 165 35
21090871 141 59
2109381 171 29
211070230 184 15
21111883 95 105
21118477 174 24
21122578 109 91
21139824 140 60
21170010 173 27
21175231 183 17
211934757 190 10
21211181 191 9
21212823 160 40
212247905 150 45
21225078 119 81
21297247 112 87
213075108 156 44
21310171 190 10
21318259 177 23
21357711 79 116
21358633 194 6
21364520 196 4
21371293 160 40
21378183 139 61
21408011 115 85
21452168 192 7
214618570 139 61
21504244 123 77
21505330 172 28
215060612 66 132
21525310 179 21
21552859 182 18
2157421 178 22
21575193 168 32
21580985 60 140
216088014 174 26
21609473 153 47
21611239 149 51
216248099 143 57
21624907 179 21
21654998 169 31
216755058 161 38
21678052 163 36
216792638 24 175
216915556 174 26
216933478 20 178
21703552 120 80
217796457 175 25
21787127 144 55
21793918 184 16
21797785 188 12
2182641 125 75
218280403 129 71
21851427 152 48
218973561 123 77
218976356 187 13
21901003 168 32
21913907 191 9
21943331 171 29
219723179 119 81
21973070 157 43
220502760 88 112
22080450 191 9
22099579 149 50
22103126 156 43
221123246 154 46
22113099 180 20
221405974 110 90
22147593 98 102
22152712 170 29
2215371 164 36
222653443 135 65
22288097 193 7
22309220 182 18
223247584 178 22
223702895 184 16
22376586 174 26
223840796 46 154
22426475 185 15
224443548 195 5
22465184 164 35
22465479 80 118
22467578 36 164
2248211 171 29
225132294 130 67
225135025 182 18
225160584 180 20
225302763 144 55
22543242 85 112
225600818 175 25
225616331 155 44
22591657 156 43
226228873 167 31
22646558 151 47
22680926 186 14
22682436 182 18
22690213 145 54
22743308 135 65
227469430 190 10
228052858 167 33
22831657 131 66
22836188 150 50
22949668 136 64
23027406 166 34
230282119 127 73
230385421 135 63
230424016 153 47
230498574 157 43
23056311 128 71
231132749 143 57
23113328 119 81
231173272 174 26
23148645 137 63
23191837 190 10
23204397 125 75
23270710 189 10
233182045 158 38
233220322 188 12
23331682 173 27
233598791 186 11
23360024 147 53
233749323 156 44
234064468 146 50
234402376 68 131
234443392 161 39
234467536 158 42
23454450 81 119
23493152 164 36
235216483 174 25
235221017 66 134
23544268 181 19
2355 159 41
23630066 132 68
2363571 167 33
236465256 165 34
23670349 146 54
23731803 98 102
23822078 161 39
238268257 184 16
2384071 110 90
23903517 170 30
239190923 71 128
23919657 189 11
2391 146 54
239465333 73 127
23990483 99 101
240188811 155 45
24049604 192 8
24057172 91 109
24081780 165 34
24089505 158 41
24113849 187 13
24133152 123 77
241363871 189 11
241847792 108 90
24189116 122 78
242010145 163 37
24221229 156 44
24221257 168 30
242479442 173 27
242542278 191 9
242974046 107 92
243032656 168 32
243079375 180 18
243123289 138 61
24323940 178 22
243298366 166 29
24382223 130 70
24422716 129 71
24482785 141 54
24486317 132 68
24508000 159 41
245396123 148 52
24592784 160 40
24594152 58 142
246084423 159 41
24609163 153 47
246318475 189 11
246893190 130 70
247042671 154 46
24719151 185 15
24751263 162 38
24772500 174 26
24772720 76 123
24788399 161 39
24848688 66 134
24893115 173 27
24908204 178 20
24919888 162 38
249297606 138 62
24938230 188 11
249450659 170 30
24946044 92 107
249490029 123 76
24957166 121 79
24989476 179 21
250178329 117 83
250222226 100 99
250340951 130 65
250364685 154 45
250395792 127 72
250706801 110 89
250942661 112 84
25102481 195 5
25136403 156 40
251487955 139 59
251934438 189 11
25230568 165 35
253246183 160 40
253368235 104 96
25341571 139 61
253417096 141 59
25376226 175 25
25401781 185 15
254195953 66 132
254290698 44 156
25432501 146 54
25444905 109 91
254457417 171 27
25446919 130 69
25453503 128 70
254591866 79 121
25476249 116 84
25495625 175 25
2549701 180 20
25511737 136 64
255232484 169 31
255636783 159 41
25578574 161 39
25578701 152 48
255822718 101 79
25598800 148 51
25666473 135 64
2566821 197 3
25686485 117 82
25713726 185 15
25722997 164 35
25732138 173 27
257536805 142 56
257605626 184 16
25775279 123 77
25787134 131 67
258280763 157 43
258332222 169 31
25835287 169 31
258393756 87 112
25842688 191 9
258902291 166 34
25905597 163 33
259074589 134 65
259452094 167 32
25973084 177 22
259842341 164 36
25993 173 27
260303641 181 19
26032941 136 64
26053643 145 55
260623447 100 100
260828703 155 44
260979864 59 135
261074207 152 47
261110189 162 35
261434167 151 49
26151564 91 105
261853955 132 67
26211782 140 60
262182509 195 5
26256596 187 13
262911271 153 47
263292498 174 26
26332899 165 35
263440459 157 42
26366952 105 90
263875753 146 54
263964826 134 64
264394268 99 100
264515170 159 41
264545327 167 33
26527734 138 62
265359098 145 55
26642006 155 45
26681152 116 84
26684668 146 54
26722961 151 48
267383914 154 46
26743 96 104
267611336 168 31
26826066 158 42
268414482 156 44
268479669 190 10
269050630 150 50
2691 161 39
270076706 109 91
270449528 82 113
27049242 130 70
27052339 134 65
27070413 46 154
27142253 105 95
271610362 136 64
271709253 25 174
27259037 166 34
27368199 198 2
273737280 124 76
274101424 30 170
27457788 179 21
2747211 112 87
27512679 166 31
27520806 140 60
27543356 81 118
27558050 111 89
275692086 174 26
275812396 144 56
276308596 112 88
27658830 113 87
27711339 134 66
27743318 172 27
277809327 138 61
278311152 196 4
278695868 114 85
279713 108 92
28022718 35 165
280309627 132 68
28048857 65 135
280935165 165 35
281153162 194 6
281234028 192 8
281652543 136 64
282193031 200 0
283196244 180 20
283306509 146 52
28370182 9 191
284144022 145 54
284257244 41 28
28473587 120 80
284870489 121 77
28541908 174 24
285538988 153 47
28555086 163 37
28676476 135 65
287037508 188 12
287464837 190 10
288365595 149 51
28838048 165 35
288383423 176 24
288612984 165 33
289067947 93 38
28949133 173 26
29016037 74 124
290653781 126 74
291047334 112 87
29118453 88 112
291265752 155 45
291500906 110 88
291670881 99 99
291987010 108 91
292004117 142 58
29233377 180 20
292339464 155 44
293014911 130 70
29338393 84 116
29344169 148 50
29353863 190 9
293721457 114 84
293722201 172 28
294207283 163 37
29427232 173 27
29512099 151 48
295817535 176 24
29659999 173 27
29710825 105 94
297527427 128 72
29755430 154 46
297683673 93 107
298258981 131 63
29828034 147 53
299410152 75 125
29962952 140 59
30031116 174 26
30031265 197 3
300532683 170 30
300599613 165 35
30070612 172 28
300888984 176 24
301297627 136 60
3020571 133 65
302768530 112 88
30290965 136 63
302985153 186 12
30309257 153 47
303288531 105 93
3032 138 61
303338529 104 96
30387071 191 9
305043273 132 68
305271158 153 47
30605939 96 97
30618930 158 42
306472866 147 51
306604708 178 22
306961000 144 56
307259829 131 68
30732862 186 14
30799813 120 73
308103112 113 87
30810637 181 19
30849103 138 62
308770445 194 6
309350116 160 40
309366491 145 55
310030172 132 68
310894483 108 90
31091750 178 22
31112327 69 131
31142666 169 31
312604104 179 21
312838711 107 93
31294472 95 104
31296704 182 18
31317273 148 52
313305828 188 12
31407388 124 76
314291438 110 90
314316607 125 75
31454479 70 130
31466402 140 53
31537029 159 40
31571932 182 17
31610343 170 29
317403874 135 65
3181211 169 29
31941155 178 21
321045403 164 34
321131786 186 14
321620987 145 55
32212228 93 106
3227431 144 56
322786017 167 33
32309918 156 44
323292633 181 19
323373476 130 70
32469669 177 23
325113355 94 105
32528712 124 76
3253671 195 5
325809032 188 12
32593447 146 54
32617425 57 143
326414114 95 105
32788960 179 21
3291841 115 85
329402829 170 30
32941152 168 32
329442539 191 8
329844524 156 44
33018114 145 55
33051095 102 95
331241294 126 74
33136368 184 16
331720696 117 83
332232530 185 13
33235771 134 66
33249457 116 84
33313047 192 8
33316545 163 36
333882024 158 42
33408118 66 134
33444167 157 43
33482855 88 112
335538156 101 98
3365291 179 21
336671024 65 135
336847617 130 70
33693321 175 25
338086798 172 28
338120155 151 49
338475423 99 100
33857149 94 106
338597164 91 109
33971020 125 75
33998183 102 98
340766800 181 19
341027960 95 105
341465533 57 139
34178980 171 29
341949259 169 31
3427041 171 29
34396691 187 13
34428380 2 197
34446921 187 13
34455805 173 27
345334303 185 15
345963718 147 53
3460221 189 11
34678147 131 69
348785149 88 112
34929076 127 72
349578832 99 100
34985477 108 92
3498911 143 56
35026264 165 35
35102879 151 46
351400157 150 50
351671009 178 22
35205963 138 62
35206976 138 62
35255067 182 18
35406821 173 27
35428733 144 54
354489767 112 86
355950574 170 30
35617996 154 46
356190582 182 18
356281451 169 31
356501386 130 70
35659391 142 56
35746423 153 46
358155683 157 43
358553967 162 38
35946769 116 83
36045367 101 98
36113543 190 10
36124348 119 81
36139712 95 102
361625234 151 47
361694521 169 31
36191770 177 23
363732476 119 80
36435772 99 101
364598207 185 15
364917755 71 127
36519354 117 83
365626023 140 60
365797572 178 22
365843255 176 24
36626467 185 15
36767299 127 73
368459737 173 27
36851222 162 38
369316479 195 5
369468391 100 100
36947388 114 86
37006975 179 20
371640612 116 83
371743964 75 124
371818583 148 52
37292105 166 34
373018050 86 113
37316710 122 73
3733331 180 20
37444945 195 5
37457933 153 46
374686653 190 10
37489947 129 71
37542077 143 57
375710523 147 53
376825877 82 118
37707750 144 53
37710752 167 33
37723441 80 120
37745819 135 65
37981207 149 50
38022922 84 112
38083745 183 16
38108292 140 58
38214426 168 32
38245723 59 141
38278278 158 42
382943224 136 62
383063415 52 135
383471789 129 63
383797731 145 55
38419922 126 74
38492717 163 37
385208831 184 16
38521400 185 15
38768556 126 73
388051243 193 7
38810028 182 18
38932799 137 63
39048475 199 1
390651363 53 146
390941207 143 57
391037985 182 18
39182784 164 36
392107040 171 29
393000195 116 83
39353946 167 32
39398944 185 15
394263193 174 26
39547783 189 11
39592679 147 53
396031007 185 15
39669896 114 84
39714128 116 84
39758899 179 21
39805814 188 11
39893705 165 34
399094534 132 67
399156475 77 122
400107451 185 15
40059553 196 4
40078827 180 20
40152883 183 17
40266378 173 26
402848478 68 128
403119265 175 25
40321134 166 34
40341175 157 41
403755157 63 135
40414427 112 87
404565458 107 93
404900280 61 139
40524108 191 9
40580577 179 21
40620132 189 11
406618725 141 59
40858179 148 52
40885168 185 14
40888730 148 52
40968863 151 49
40981798 130 69
40988818 174 26
40997343 167 31
41099682 106 93
4113261 167 33
411357780 142 56
4119021 149 50
413275344 171 29
413503889 160 37
41370136 178 21
41540760 98 102
41609275 113 87
41620669 196 4
41651800 115 85
41689267 163 37
41706498 140 60
41712825 131 68
418246108 126 74
41859867 181 18
418665915 166 34
420528023 124 72
42114992 102 98
4219131 188 12
42242199 71 129
422 189 11
424024424 162 38
424026661 153 46
42419420 117 81
42427518 166 34
42439773 183 16
424688583 100 98
42516022 109 85
425174347 146 38
425553421 181 16
42589903 178 22
42967256 167 33
43001357 127 72
43003845 160 40
43053908 171 29
430600375 98 102
43075778 150 50
4310571 130 70
43192807 195 5
43195617 118 82
43292851 152 48
43353248 150 50
43403131 150 50
43441291 55 143
434495246 147 51
43462359 160 40
43544882 81 119
43640117 179 19
43662236 153 47
437851930 179 21
43794977 158 39
439262248 165 33
43933723 186 14
43936906 143 57
439788025 172 28
44060695 146 54
44191022 172 28
44196397 170 30
44409315 182 18
444547355 130 66
44475539 153 47
44558204 142 58
44658313 174 26
44736701 140 60
44753138 123 76
44800494 142 57
44846684 173 24
44895019 142 56
450802456 140 60
450839965 75 123
45163601 174 25
45176933 90 110
451989526 111 20
4564211 197 3
4566851 149 51
45705189 153 47
45753733 173 27
45862504 183 17
46241448 109 90
46456708 152 47
46681100 126 74
46694497 116 84
46716477 104 90
46740920 96 104
46754170 115 84
46809129 127 73
46831674 164 35
46965517 113 87
46988387 177 23
470309837 152 48
472285050 99 97
47245840 132 68
47257872 170 28
47271263 170 30
47359057 134 66
47374533 168 32
47377182 65 133
4751331 179 21
47528106 194 5
47542100 164 36
47578642 183 17
47778760 170 29
478078032 171 28
47846099 113 69
480549803 116 84
483538391 137 63
48377518 156 44
48746717 153 47
48845524 119 81
49113115 156 44
491431687 109 90
49447167 60 139
49489028 182 18
49517278 166 33
498189324 195 5
50081949 189 11
50369998 140 60
5047361 174 24
504798495 173 26
50564358 101 77
50740020 147 53
5076491 181 18
50850314 186 14
50918046 104 95
50986270 146 54
51039981 168 32
51263592 178 22
51533511 176 24
51573 165 35
51692378 163 37
51775432 176 24
5197181 102 97
52216611 162 38
522492204 55 129
52330027 174 26
523885474 143 57
524702026 171 29
52841307 78 28
52900276 139 61
52948662 137 63
52968650 169 31
531699236 178 22
53245974 93 14
53474481 66 132
53513002 136 64
538592913 170 29
53926789 170 30
5405152 175 25
54092452 124 76
54178513 178 22
54216619 170 30
54380204 119 81
54456364 154 44
545020142 29 171
545671773 149 51
54918110 151 49
54985647 183 14
551124967 142 58
5515372 160 40
5517 96 103
5520332 160 40
55235304 164 36
5539522 147 52
55479130 173 27
55705393 176 24
55705687 132 68
56019172 183 17
56272325 117 83
56363634 134 66
5640632 180 20
56860418 127 73
57079010 115 84
57090042 85 113
57240542 133 67
57375653 181 19
57405237 157 43
57413551 144 55
5756132 175 25
57903424 117 83
58005076 188 12
58322833 89 107
58554456 134 65
58601997 197 3
58641627 177 23
58654412 188 10
5867722 169 31
586 133 66
5870022 135 65
58714972 171 29
5877292 157 43
58810320 172 28
58853892 171 29
58886037 137 63
58985584 175 25
59054214 163 36
5913782 117 83
59159781 136 64
59242017 23 175
5935732 175 25
59602642 173 27
5960932 150 50
59654289 104 96
5974052 158 42
59956494 157 42
60036306 156 43
60101131 179 21
6017512 192 8
6076902 140 58
6080022 184 16
60807974 161 39
6085372 173 27
61166489 137 62
61194080 131 68
61678015 151 49
61710664 114 86
62175338 135 65
62384317 165 35
62714018 174 26
62827345 148 52
63008732 132 68
63053315 187 12
63083786 103 97
6320592 159 41
63233369 166 22
6331462 171 29
63345801 127 70
6385432 187 13
64041336 86 114
64049295 193 7
6427882 95 105
64285972 127 73
64356419 178 20
64444175 83 117
64571367 132 68
64631869 118 71
64742479 143 55
64769411 160 40
64949603 174 26
650013 139 61
652193 149 51
654163 168 32
65913144 117 82
65950594 158 40
66183198 5 29
66186540 174 26
6626162 157 43
66409671 153 47
66499322 146 54
666073 145 54
668473 186 14
6705942 183 17
6724092 172 28
67418441 187 13
67444229 178 22
6750912 122 78
67818595 169 31
67974705 73 127
68069857 193 7
68110057 163 36
68172913 88 112
6854942 111 89
6932712 130 69
6945012 122 78
6955662 129 71
69592091 155 45
69692923 175 25
6977972 119 80
69886289 175 25
69973852 133 67
70182110 159 41
7040692 169 31
705663 196 4
70587360 126 74
70600241 153 47
7073182 146 54
70736039 134 66
70758432 97 99
7078092 149 51
7082092 159 41
70915358 85 114
7098022 176 24
7116862 82 118
7123452 91 109
71277467 174 26
717313 188 12
7194892 187 13
720933 155 44
72167837 94 106
72176953 168 32
72314098 171 29
72357609 167 33
72818790 105 93
7320972 144 56
73393871 161 39
7340722 159 40
73443014 136 64
7344392 172 27
73707412 123 77
73984919 87 113
73992972 114 86
74051281 83 117
7415132 149 51
74243651 98 100
74274587 140 60
744313 96 103
744903 143 57
74523 164 36
75346644 187 13
755346 126 74
755603 95 102
755756 119 81
756596 149 50
7573752 161 39
76106023 170 30
7612022 130 70
7620312 159 40
76379926 142 58
76385990 154 46
766195 163 37
76761165 128 70
7695342 173 27
76967116 168 32
76997832 147 53
769999 144 56
770391 170 30
77067574 180 20
77167221 159 41
7718082 151 49
77192900 134 65
7727382 156 44
7729542 182 17
773450 116 84
7744882 127 70
77618627 170 30
776434 191 9
77679346 181 19
77733093 163 36
77800503 130 69
77823010 187 13
77907926 194 6
7797552 156 44
78152621 180 20
781929 186 14
78194111 142 58
782329 183 17
7839622 168 32
78525538 141 59
785555 143 57
785 183 17
7860942 153 45
7861312 169 31
78670429 133 66
79043 191 9
79056710 154 45
79253197 138 59
79291414 170 30
79343670 141 59
794436 179 21
795881 162 38
7966682 177 23
79677215 182 18
79839110 160 39
799640 145 55
80088141 139 61
8025532 88 112
802932 138 62
80468971 107 92
80492529 144 56
80898271 178 22
809010 102 97
814316 164 36
816532 163 37
81909428 197 3
819139 130 69
82152763 130 70
824157 34 165
82433 177 23
8262112 91 108
82672036 172 28
8269322 88 111
82811968 183 17
82968369 65 134
82980971 169 30
83250127 153 33
83285096 119 81
833571 166 34
8336592 172 28
83720294 121 79
83766944 121 79
83816651 133 65
83865548 159 39
83889856 148 52
83943787 138 62
83988370 162 38
84137114 170 30
84170039 119 81
84179743 55 142
84257378 153 46
8452342 178 22
84670801 180 20
84971947 185 14
8548612 114 86
8557 188 12
8558562 163 37
856731 116 84
85901645 151 48
86221475 189 11
86241188 147 53
86336234 89 111
86363850 146 52
86514133 166 30
86988453 118 75
8715652 178 22
87195913 85 115
87655141 171 29
8790842 98 101
88130019 184 15
8821412 167 33
88345486 150 49
8845372 85 115
88726035 104 96
89078728 149 51
8934042 148 52
89507141 135 65
89631156 62 137
8978022 186 14
89889702 163 37
90021519 149 50
90057908 178 21
90203412 134 64
90273154 176 24
90289765 161 39
90481271 164 34
90678206 161 38
90683293 146 54
90743283 94 104
90896009 161 39
91197753 124 76
91237680 119 81
91359384 168 32
91396874 166 34
91409081 129 71
91896362 183 17
92319025 115 85
92464299 128 71
92478242 118 81
9263352 147 53
92807448 138 61
93905958 170 30
9395832 199 1
94202022 168 32
945911 167 33
9470732 191 9
94711640 180 18
94928386 170 30
949521 193 7
9549722 116 82
95820486 176 24
95881243 173 25
963121 111 89
96616873 148 52
96865911 184 16
97037006 2 194
97102414 127 73
9724232 176 24
9730472 187 13
979061 59 140
98633794 95 105
987681 116 84
98811270 186 14
98898287 155 45
990711 158 42
99576091 123 76
9972002 113 87
99838316 157 42
